This file contains any messages produced by compilers while
running configure, to aid debugging if configure makes a mistake.

It was created by RegCM configure 4.3.5.1, which was
generated by GNU Autoconf 2.69.  Invocation command line was

  $ ./configure 

## --------- ##
## Platform. ##
## --------- ##

hostname = cluster.usth.edu.vn
uname -m = x86_64
uname -r = 2.6.32-573.12.1.el6_lustre.x86_64
uname -s = Linux
uname -v = #1 SMP Tue Feb 23 22:41:09 PST 2016

/usr/bin/uname -p = unknown
/bin/uname -X     = unknown

/bin/arch              = x86_64
/usr/bin/arch -k       = unknown
/usr/convex/getsysinfo = unknown
/usr/bin/hostinfo      = unknown
/bin/machine           = unknown
/usr/bin/oslevel       = unknown
/bin/universe          = unknown

PATH: /share/apps/intel_2013/udunits/2.2.20/bin
PATH: /share/apps/intel_2013/netcdf/4.4.0/bin
PATH: /share/apps/intel_2013/nco/4.5.5/bin
PATH: /share/apps/intel_2013/cdo/1.7.1/bin
PATH: /home/thanhnd/local/nco-3.9.9/bin
PATH: /opt/mpich2-1.2.1p1/pgi-7.1-4/bin
PATH: /opt/R-2.12.0/bin
PATH: /share/apps/intel_2013/netcdf/4.4.0-parallel/bin
PATH: /share/apps/intel_2013/mvapich/2.2/bin
PATH: /share/apps/intel/composer_xe_2013.3.163/bin/intel64
PATH: /share/apps/intel/composer_xe_2013.3.163/mpirt/bin/intel64
PATH: /share/apps/intel/composer_xe_2013.3.163/bin/intel64
PATH: /share/apps/intel/composer_xe_2013.3.163/bin/intel64_mic
PATH: /share/apps/intel/composer_xe_2013.3.163/debugger/gui/intel64
PATH: /share/apps/gnu_4.4.7/grads/2.1.a3/bin
PATH: /share/apps/gnu_4.4.7/udunits/2.2.20/bin
PATH: /share/apps/gnu_4.4.7/netcdf/4.4.0/bin
PATH: /share/apps/gnu_4.4.7/nco/4.5.5/bin
PATH: /share/apps/gnu_4.4.7/cdo/1.7.1/bin
PATH: /usr/lib64/qt-3.3/bin
PATH: /opt/perfsonar_ps/toolkit/scripts
PATH: /usr/dbxml-2.3.11/bin
PATH: /usr/local/bin
PATH: /bin
PATH: /usr/bin
PATH: /usr/local/sbin
PATH: /usr/sbin
PATH: /sbin
PATH: /opt/ganglia/bin
PATH: /opt/ganglia/sbin
PATH: /usr/java/latest/bin
PATH: /opt/maven/bin
PATH: /opt/maui/bin
PATH: /opt/torque/bin
PATH: /opt/torque/sbin
PATH: /opt/pdsh/bin
PATH: /opt/rocks/bin
PATH: /opt/rocks/sbin
PATH: /home/intern/bin


## ----------- ##
## Core tests. ##
## ----------- ##

configure:2443: checking build system type
configure:2457: result: x86_64-unknown-linux-gnu
configure:2477: checking host system type
configure:2490: result: x86_64-unknown-linux-gnu
configure:2531: checking how to print strings
configure:2558: result: printf
configure:2627: checking for gcc
configure:2654: result: icc
configure:2883: checking for C compiler version
configure:2892: icc --version >&5
icc (ICC) 13.1.1 20130313
Copyright (C) 1985-2013 Intel Corporation.  All rights reserved.

configure:2903: $? = 0
configure:2892: icc -v >&5
icc version 13.1.1 (gcc version 4.4.7 compatibility)
configure:2903: $? = 0
configure:2892: icc -V >&5
Intel(R) C Intel(R) 64 Compiler XE for applications running on Intel(R) 64, Version 13.1.1.163 Build 20130313
Copyright (C) 1985-2013 Intel Corporation.  All rights reserved.
FOR NON-COMMERCIAL USE ONLY

configure:2903: $? = 0
configure:2892: icc -qversion >&5
icc: command line warning #10006: ignoring unknown option '-qversion'
icc: command line error: no files specified; for help type "icc -help"
configure:2903: $? = 1
configure:2923: checking whether the C compiler works
configure:2945: icc    conftest.c  >&5
configure:2949: $? = 0
configure:2997: result: yes
configure:3000: checking for C compiler default output file name
configure:3002: result: a.out
configure:3008: checking for suffix of executables
configure:3015: icc -o conftest    conftest.c  >&5
configure:3019: $? = 0
configure:3041: result: 
configure:3063: checking whether we are cross compiling
configure:3071: icc -o conftest    conftest.c  >&5
configure:3075: $? = 0
configure:3082: ./conftest
configure:3086: $? = 0
configure:3101: result: no
configure:3106: checking for suffix of object files
configure:3128: icc -c   conftest.c >&5
configure:3132: $? = 0
configure:3153: result: o
configure:3157: checking whether we are using the GNU C compiler
configure:3176: icc -c   conftest.c >&5
configure:3176: $? = 0
configure:3185: result: yes
configure:3194: checking whether icc accepts -g
configure:3214: icc -c -g  conftest.c >&5
configure:3214: $? = 0
configure:3255: result: yes
configure:3272: checking for icc option to accept ISO C89
configure:3335: icc  -c -g -O2  conftest.c >&5
configure:3335: $? = 0
configure:3348: result: none needed
configure:3368: checking for a sed that does not truncate output
configure:3432: result: /bin/sed
configure:3450: checking for grep that handles long lines and -e
configure:3508: result: /bin/grep
configure:3513: checking for egrep
configure:3575: result: /bin/grep -E
configure:3580: checking for fgrep
configure:3642: result: /bin/grep -F
configure:3677: checking for ld used by icc
configure:3744: result: /usr/bin/ld
configure:3751: checking if the linker (/usr/bin/ld) is GNU ld
configure:3766: result: yes
configure:3778: checking for BSD- or MS-compatible name lister (nm)
configure:3827: result: /usr/bin/nm -B
configure:3957: checking the name lister (/usr/bin/nm -B) interface
configure:3964: icc -c -g -O2  conftest.c >&5
configure:3967: /usr/bin/nm -B "conftest.o"
configure:3970: output
0000000000000000 N .debug_info_seg
0000000000000000 B some_variable
configure:3977: result: BSD nm
configure:3980: checking whether ln -s works
configure:3984: result: yes
configure:3992: checking the maximum length of command line arguments
configure:4122: result: 3458764513820540925
configure:4139: checking whether the shell understands some XSI constructs
configure:4149: result: yes
configure:4153: checking whether the shell understands "+="
configure:4159: result: yes
configure:4194: checking how to convert x86_64-unknown-linux-gnu file names to x86_64-unknown-linux-gnu format
configure:4234: result: func_convert_file_noop
configure:4241: checking how to convert x86_64-unknown-linux-gnu file names to toolchain format
configure:4261: result: func_convert_file_noop
configure:4268: checking for /usr/bin/ld option to reload object files
configure:4275: result: -r
configure:4349: checking for objdump
configure:4365: found /usr/bin/objdump
configure:4376: result: objdump
configure:4408: checking how to recognize dependent libraries
configure:4610: result: pass_all
configure:4695: checking for dlltool
configure:4725: result: no
configure:4755: checking how to associate runtime and link libraries
configure:4782: result: printf %s\n
configure:4843: checking for ar
configure:4859: found /usr/bin/ar
configure:4870: result: ar
configure:4907: checking for archiver @FILE support
configure:4924: icc -c -g -O2  conftest.c >&5
configure:4924: $? = 0
configure:4927: ar cru libconftest.a @conftest.lst >&5
configure:4930: $? = 0
configure:4935: ar cru libconftest.a @conftest.lst >&5
ar: conftest.o: No such file or directory
configure:4938: $? = 1
configure:4950: result: @
configure:5008: checking for strip
configure:5024: found /usr/bin/strip
configure:5035: result: strip
configure:5107: checking for ranlib
configure:5123: found /usr/bin/ranlib
configure:5134: result: ranlib
configure:5211: checking for gawk
configure:5227: found /bin/gawk
configure:5238: result: gawk
configure:5278: checking command to parse /usr/bin/nm -B output from icc object
configure:5398: icc -c -g -O2  conftest.c >&5
configure:5401: $? = 0
configure:5405: /usr/bin/nm -B conftest.o \| sed -n -e 's/^.*[ ]\([ABCDGIRSTW][ABCDGIRSTW]*\)[ ][ ]*\([_A-Za-z][_A-Za-z0-9]*\)$/\1 \2 \2/p' | sed '/ __gnu_lto/d' \> conftest.nm
configure:5408: $? = 0
configure:5474: icc -o conftest -g -O2   conftest.c conftstm.o >&5
configure:5477: $? = 0
configure:5515: result: ok
configure:5552: checking for sysroot
configure:5582: result: no
configure:5659: icc -c -g -O2  conftest.c >&5
configure:5662: $? = 0
configure:5838: checking for mt
configure:5868: result: no
configure:5888: checking if : is a manifest tool
configure:5894: : '-?'
configure:5902: result: no
configure:6544: checking how to run the C preprocessor
configure:6575: icc -E  conftest.c
configure:6575: $? = 0
configure:6589: icc -E  conftest.c
conftest.c(9): error #2379: cannot open source file "ac_nonexistent.h"
  #include <ac_nonexistent.h>
                             ^

configure:6589: $? = 2
configure: failed program was:
| /* confdefs.h */
| #define PACKAGE_NAME "RegCM"
| #define PACKAGE_TARNAME "regcm"
| #define PACKAGE_VERSION "4.3.5.1"
| #define PACKAGE_STRING "RegCM 4.3.5.1"
| #define PACKAGE_BUGREPORT "ggiulian@ictp.it"
| #define PACKAGE_URL ""
| /* end confdefs.h.  */
| #include <ac_nonexistent.h>
configure:6614: result: icc -E
configure:6634: icc -E  conftest.c
configure:6634: $? = 0
configure:6648: icc -E  conftest.c
conftest.c(9): error #2379: cannot open source file "ac_nonexistent.h"
  #include <ac_nonexistent.h>
                             ^

configure:6648: $? = 2
configure: failed program was:
| /* confdefs.h */
| #define PACKAGE_NAME "RegCM"
| #define PACKAGE_TARNAME "regcm"
| #define PACKAGE_VERSION "4.3.5.1"
| #define PACKAGE_STRING "RegCM 4.3.5.1"
| #define PACKAGE_BUGREPORT "ggiulian@ictp.it"
| #define PACKAGE_URL ""
| /* end confdefs.h.  */
| #include <ac_nonexistent.h>
configure:6677: checking for ANSI C header files
configure:6697: icc -c -g -O2  conftest.c >&5
configure:6697: $? = 0
configure:6770: icc -o conftest -g -O2   conftest.c  >&5
configure:6770: $? = 0
configure:6770: ./conftest
configure:6770: $? = 0
configure:6781: result: yes
configure:6794: checking for sys/types.h
configure:6794: icc -c -g -O2  conftest.c >&5
configure:6794: $? = 0
configure:6794: result: yes
configure:6794: checking for sys/stat.h
configure:6794: icc -c -g -O2  conftest.c >&5
configure:6794: $? = 0
configure:6794: result: yes
configure:6794: checking for stdlib.h
configure:6794: icc -c -g -O2  conftest.c >&5
configure:6794: $? = 0
configure:6794: result: yes
configure:6794: checking for string.h
configure:6794: icc -c -g -O2  conftest.c >&5
configure:6794: $? = 0
configure:6794: result: yes
configure:6794: checking for memory.h
configure:6794: icc -c -g -O2  conftest.c >&5
configure:6794: $? = 0
configure:6794: result: yes
configure:6794: checking for strings.h
configure:6794: icc -c -g -O2  conftest.c >&5
configure:6794: $? = 0
configure:6794: result: yes
configure:6794: checking for inttypes.h
configure:6794: icc -c -g -O2  conftest.c >&5
configure:6794: $? = 0
configure:6794: result: yes
configure:6794: checking for stdint.h
configure:6794: icc -c -g -O2  conftest.c >&5
configure:6794: $? = 0
configure:6794: result: yes
configure:6794: checking for unistd.h
configure:6794: icc -c -g -O2  conftest.c >&5
configure:6794: $? = 0
configure:6794: result: yes
configure:6808: checking for dlfcn.h
configure:6808: icc -c -g -O2  conftest.c >&5
configure:6808: $? = 0
configure:6808: result: yes
configure:7014: checking for objdir
configure:7029: result: .libs
configure:7296: checking if icc supports -fno-rtti -fno-exceptions
configure:7314: icc -c -g -O2  -fno-rtti -fno-exceptions conftest.c >&5
configure:7318: $? = 0
configure:7331: result: yes
configure:7658: checking for icc option to produce PIC
configure:7665: result: -fPIC -DPIC
configure:7673: checking if icc PIC flag -fPIC -DPIC works
configure:7691: icc -c -g -O2  -fPIC -DPIC -DPIC conftest.c >&5
configure:7695: $? = 0
configure:7708: result: yes
configure:7737: checking if icc static flag -static works
configure:7765: result: yes
configure:7780: checking if icc supports -c -o file.o
configure:7801: icc -c -g -O2  -o out/conftest2.o conftest.c >&5
configure:7805: $? = 0
configure:7827: result: yes
configure:7835: checking if icc supports -c -o file.o
configure:7882: result: yes
configure:7915: checking whether the icc linker (/usr/bin/ld -m elf_x86_64) supports shared libraries
configure:9068: result: yes
configure:9105: checking whether -lc should be explicitly linked in
configure:9113: icc -c -g -O2  conftest.c >&5
configure:9116: $? = 0
configure:9131: icc -shared  -fPIC -DPIC conftest.o  -v -Wl,-soname -Wl,conftest -o conftest 2\>\&1 \| /bin/grep  -lc  \>/dev/null 2\>\&1
configure:9134: $? = 0
configure:9148: result: no
configure:9308: checking dynamic linker characteristics
configure:9819: icc -o conftest -g -O2   -Wl,-rpath -Wl,/foo conftest.c  >&5
configure:9819: $? = 0
configure:10041: result: GNU/Linux ld.so
configure:10148: checking how to hardcode library paths into programs
configure:10173: result: immediate
configure:10713: checking whether stripping libraries is possible
configure:10718: result: yes
configure:10753: checking if libtool supports shared libraries
configure:10755: result: yes
configure:10758: checking whether to build shared libraries
configure:10779: result: yes
configure:10782: checking whether to build static libraries
configure:10786: result: yes
configure:10840: checking for a BSD-compatible install
configure:10908: result: /usr/bin/install -c
configure:10919: checking whether build environment is sane
configure:10974: result: yes
configure:11125: checking for a thread-safe mkdir -p
configure:11164: result: /bin/mkdir -p
configure:11167: checking whether make sets $(MAKE)
configure:11189: result: yes
configure:11219: checking for style of include used by make
configure:11247: result: GNU
configure:11281: checking whether make supports nested variables
configure:11298: result: yes
configure:11378: checking dependency style of icc
configure:11489: result: gcc3
configure:11549: checking for ranlib
configure:11576: result: ranlib
configure:11646: checking for gcc
configure:11673: result: icc
configure:11902: checking for C compiler version
configure:11911: icc --version >&5
icc (ICC) 13.1.1 20130313
Copyright (C) 1985-2013 Intel Corporation.  All rights reserved.

configure:11922: $? = 0
configure:11911: icc -v >&5
icc version 13.1.1 (gcc version 4.4.7 compatibility)
configure:11922: $? = 0
configure:11911: icc -V >&5
Intel(R) C Intel(R) 64 Compiler XE for applications running on Intel(R) 64, Version 13.1.1.163 Build 20130313
Copyright (C) 1985-2013 Intel Corporation.  All rights reserved.
FOR NON-COMMERCIAL USE ONLY

configure:11922: $? = 0
configure:11911: icc -qversion >&5
icc: command line warning #10006: ignoring unknown option '-qversion'
icc: command line error: no files specified; for help type "icc -help"
configure:11922: $? = 1
configure:11926: checking whether we are using the GNU C compiler
configure:11954: result: yes
configure:11963: checking whether icc accepts -g
configure:12024: result: yes
configure:12041: checking for icc option to accept ISO C89
configure:12117: result: none needed
configure:12243: checking for Fortran compiler version
configure:12252: ifort --version >&5
ifort (IFORT) 13.1.1 20130313
Copyright (C) 1985-2013 Intel Corporation.  All rights reserved.

configure:12263: $? = 0
configure:12252: ifort -v >&5
ifort version 13.1.1
configure:12263: $? = 0
configure:12252: ifort -V >&5
Intel(R) Fortran Intel(R) 64 Compiler XE for applications running on Intel(R) 64, Version 13.1.1.163 Build 20130313
Copyright (C) 1985-2013 Intel Corporation.  All rights reserved.
FOR NON-COMMERCIAL USE ONLY

configure:12263: $? = 0
configure:12252: ifort -qversion >&5
ifort: command line warning #10006: ignoring unknown option '-qversion'
ifort: command line error: no files specified; for help type "ifort -help"
configure:12263: $? = 1
configure:12272: checking whether we are using the GNU Fortran compiler
configure:12285: ifort -c   conftest.F >&5
conftest.F(3): error #5082: Syntax error, found END-OF-STATEMENT when expecting one of: ( % [ : . = =>
       choke me
---------------^
conftest.F(3): error #6218: This statement is positioned incorrectly and/or has syntax errors.
       choke me
---------------^
compilation aborted for conftest.F (code 1)
configure:12285: $? = 1
configure: failed program was:
|       program main
| #ifndef __GNUC__
|        choke me
| #endif
| 
|       end
configure:12294: result: no
configure:12300: checking whether ifort accepts -g
configure:12311: ifort -c -g  conftest.f >&5
configure:12311: $? = 0
configure:12319: result: yes
configure:12468: checking if libtool supports shared libraries
configure:12470: result: yes
configure:12473: checking whether to build shared libraries
configure:12493: result: yes
configure:12496: checking whether to build static libraries
configure:12500: result: yes
configure:12534: ifort -c -g  conftest.f >&5
configure:12537: $? = 0
configure:12984: checking for ifort option to produce PIC
configure:12991: result: -fPIC
configure:12999: checking if ifort PIC flag -fPIC works
configure:13017: ifort -c -g -fPIC  conftest.f >&5
configure:13021: $? = 0
configure:13034: result: yes
configure:13057: checking if ifort static flag -static works
/usr/lib/gcc/x86_64-redhat-linux/4.4.7/../../../../lib64/libpthread.a(libpthread.o): In function `sem_open':
(.text+0x77cd): warning: the use of `mktemp' is dangerous, better use `mkstemp'
configure:13085: result: no
configure:13097: checking if ifort supports -c -o file.o
configure:13118: ifort -c -g -o out/conftest2.o  conftest.f >&5
configure:13122: $? = 0
configure:13144: result: yes
configure:13149: checking if ifort supports -c -o file.o
configure:13196: result: yes
configure:13226: checking whether the ifort linker (/usr/bin/ld -m elf_x86_64) supports shared libraries
configure:14329: result: yes
configure:14470: checking dynamic linker characteristics
configure:15131: result: GNU/Linux ld.so
configure:15184: checking how to hardcode library paths into programs
configure:15209: result: immediate
configure:15252: checking if nc-config program is present
configure:15265: result: yes
configure:15573: checking whether byte ordering is bigendian
configure:15588: icc -c -g -O2  conftest.c >&5
conftest.c(24): error: identifier "not" is undefined
  	       not a universal capable compiler
  	       ^

conftest.c(24): error: expected a ";"
  	       not a universal capable compiler
  	             ^

compilation aborted for conftest.c (code 2)
configure:15588: $? = 2
configure: failed program was:
| /* confdefs.h */
| #define PACKAGE_NAME "RegCM"
| #define PACKAGE_TARNAME "regcm"
| #define PACKAGE_VERSION "4.3.5.1"
| #define PACKAGE_STRING "RegCM 4.3.5.1"
| #define PACKAGE_BUGREPORT "ggiulian@ictp.it"
| #define PACKAGE_URL ""
| #define STDC_HEADERS 1
| #define HAVE_SYS_TYPES_H 1
| #define HAVE_SYS_STAT_H 1
| #define HAVE_STDLIB_H 1
| #define HAVE_STRING_H 1
| #define HAVE_MEMORY_H 1
| #define HAVE_STRINGS_H 1
| #define HAVE_INTTYPES_H 1
| #define HAVE_STDINT_H 1
| #define HAVE_UNISTD_H 1
| #define HAVE_DLFCN_H 1
| #define LT_OBJDIR ".libs/"
| #define PACKAGE "regcm"
| #define VERSION "4.3.5.1"
| /* end confdefs.h.  */
| #ifndef __APPLE_CC__
| 	       not a universal capable compiler
| 	     #endif
| 	     typedef int dummy;
| 
configure:15633: icc -c -g -O2  conftest.c >&5
configure:15633: $? = 0
configure:15651: icc -c -g -O2  conftest.c >&5
conftest.c(30): error: identifier "not" is undefined
  		 not big endian
  		 ^

conftest.c(30): error: expected a ";"
  		 not big endian
  		         ^

conftest.c(33): warning #12: parsing restarts here after previous syntax error
    ;
    ^

compilation aborted for conftest.c (code 2)
configure:15651: $? = 2
configure: failed program was:
| /* confdefs.h */
| #define PACKAGE_NAME "RegCM"
| #define PACKAGE_TARNAME "regcm"
| #define PACKAGE_VERSION "4.3.5.1"
| #define PACKAGE_STRING "RegCM 4.3.5.1"
| #define PACKAGE_BUGREPORT "ggiulian@ictp.it"
| #define PACKAGE_URL ""
| #define STDC_HEADERS 1
| #define HAVE_SYS_TYPES_H 1
| #define HAVE_SYS_STAT_H 1
| #define HAVE_STDLIB_H 1
| #define HAVE_STRING_H 1
| #define HAVE_MEMORY_H 1
| #define HAVE_STRINGS_H 1
| #define HAVE_INTTYPES_H 1
| #define HAVE_STDINT_H 1
| #define HAVE_UNISTD_H 1
| #define HAVE_DLFCN_H 1
| #define LT_OBJDIR ".libs/"
| #define PACKAGE "regcm"
| #define VERSION "4.3.5.1"
| /* end confdefs.h.  */
| #include <sys/types.h>
| 		#include <sys/param.h>
| 
| int
| main ()
| {
| #if BYTE_ORDER != BIG_ENDIAN
| 		 not big endian
| 		#endif
| 
|   ;
|   return 0;
| }
configure:15779: result: no
configure:15802: checking for Fortran name-mangling scheme
configure:15815: ifort -c -g  conftest.f >&5
configure:15815: $? = 0
configure:15848: icc -o conftest -g -O2   conftest.c cfortran_test.o   >&5
/tmp/iccX0EiPY.o: In function `main':
/home/intern/RegCM-4.3.5.6/conftest.c:34: undefined reference to `foobar'
configure:15848: $? = 1
configure: failed program was:
| /* confdefs.h */
| #define PACKAGE_NAME "RegCM"
| #define PACKAGE_TARNAME "regcm"
| #define PACKAGE_VERSION "4.3.5.1"
| #define PACKAGE_STRING "RegCM 4.3.5.1"
| #define PACKAGE_BUGREPORT "ggiulian@ictp.it"
| #define PACKAGE_URL ""
| #define STDC_HEADERS 1
| #define HAVE_SYS_TYPES_H 1
| #define HAVE_SYS_STAT_H 1
| #define HAVE_STDLIB_H 1
| #define HAVE_STRING_H 1
| #define HAVE_MEMORY_H 1
| #define HAVE_STRINGS_H 1
| #define HAVE_INTTYPES_H 1
| #define HAVE_STDINT_H 1
| #define HAVE_UNISTD_H 1
| #define HAVE_DLFCN_H 1
| #define LT_OBJDIR ".libs/"
| #define PACKAGE "regcm"
| #define VERSION "4.3.5.1"
| /* end confdefs.h.  */
| 
| /* Override any GCC internal prototype to avoid an error.
|    Use char because int might match the return type of a GCC
|    builtin and then its argument prototype would still apply.  */
| #ifdef __cplusplus
| extern "C"
| #endif
| char foobar ();
| int
| main ()
| {
| return foobar ();
|   ;
|   return 0;
| }
configure:15848: icc -o conftest -g -O2   conftest.c cfortran_test.o   >&5
configure:15848: $? = 0
configure:15898: icc -o conftest -g -O2   conftest.c cfortran_test.o   >&5
configure:15898: $? = 0
configure:15940: result: lower case, underscore, no extra underscore
configure:15963: checking for NetCDF...
configure:15984: checking for netcdf.h...
configure:15986: checking netcdf.h usability
configure:15986: icc -c -g -O2  -I/share/apps/intel_2013/netcdf/4.4.0/include conftest.c >&5
configure:15986: $? = 0
configure:15986: result: yes
configure:15986: checking netcdf.h presence
configure:15986: icc -E  -I/share/apps/intel_2013/netcdf/4.4.0/include conftest.c
configure:15986: $? = 0
configure:15986: result: yes
configure:15986: checking for netcdf.h
configure:15986: result: yes
configure:15999: checking for libnetcdf.a...
configure:16001: checking for nc_close in -lnetcdf
configure:16026: icc -o conftest -g -O2  -I/share/apps/intel_2013/netcdf/4.4.0/include   conftest.c -lnetcdf   -L/share/apps/intel_2013/netcdf/4.4.0/lib -lnetcdf   >&5

## ---------------- ##
## Cache variables. ##
## ---------------- ##

ac_cv_build=x86_64-unknown-linux-gnu
ac_cv_c_bigendian=no
ac_cv_c_compiler_gnu=yes
ac_cv_env_CC_set=set
ac_cv_env_CC_value=icc
ac_cv_env_CFLAGS_set=
ac_cv_env_CFLAGS_value=
ac_cv_env_CPPFLAGS_set=
ac_cv_env_CPPFLAGS_value=
ac_cv_env_CPP_set=
ac_cv_env_CPP_value=
ac_cv_env_FCFLAGS_set=
ac_cv_env_FCFLAGS_value=
ac_cv_env_FC_set=set
ac_cv_env_FC_value=ifort
ac_cv_env_LDFLAGS_set=
ac_cv_env_LDFLAGS_value=
ac_cv_env_LIBS_set=
ac_cv_env_LIBS_value=
ac_cv_env_MPIFC_set=
ac_cv_env_MPIFC_value=
ac_cv_env_build_alias_set=
ac_cv_env_build_alias_value=
ac_cv_env_host_alias_set=
ac_cv_env_host_alias_value=
ac_cv_env_target_alias_set=
ac_cv_env_target_alias_value=
ac_cv_fc_compiler_gnu=no
ac_cv_fc_mangling='lower case, underscore, no extra underscore'
ac_cv_header_dlfcn_h=yes
ac_cv_header_inttypes_h=yes
ac_cv_header_memory_h=yes
ac_cv_header_netcdf_h=yes
ac_cv_header_stdc=yes
ac_cv_header_stdint_h=yes
ac_cv_header_stdlib_h=yes
ac_cv_header_string_h=yes
ac_cv_header_strings_h=yes
ac_cv_header_sys_stat_h=yes
ac_cv_header_sys_types_h=yes
ac_cv_header_unistd_h=yes
ac_cv_host=x86_64-unknown-linux-gnu
ac_cv_objext=o
ac_cv_path_EGREP='/bin/grep -E'
ac_cv_path_FGREP='/bin/grep -F'
ac_cv_path_GREP=/bin/grep
ac_cv_path_SED=/bin/sed
ac_cv_path_install='/usr/bin/install -c'
ac_cv_path_mkdir=/bin/mkdir
ac_cv_prog_AWK=gawk
ac_cv_prog_CPP='icc -E'
ac_cv_prog_ac_ct_AR=ar
ac_cv_prog_ac_ct_CC=icc
ac_cv_prog_ac_ct_OBJDUMP=objdump
ac_cv_prog_ac_ct_RANLIB=ranlib
ac_cv_prog_ac_ct_STRIP=strip
ac_cv_prog_cc_c89=
ac_cv_prog_cc_g=yes
ac_cv_prog_fc_g=yes
ac_cv_prog_make_make_set=yes
am_cv_CC_dependencies_compiler_type=gcc3
am_cv_make_support_nested_variables=yes
ax_cv_prog_nc_config=yes
lt_cv_ar_at_file=@
lt_cv_archive_cmds_need_lc=no
lt_cv_deplibs_check_method=pass_all
lt_cv_file_magic_cmd='$MAGIC_CMD'
lt_cv_file_magic_test_file=
lt_cv_ld_reload_flag=-r
lt_cv_nm_interface='BSD nm'
lt_cv_objdir=.libs
lt_cv_path_LD=/usr/bin/ld
lt_cv_path_NM='/usr/bin/nm -B'
lt_cv_path_mainfest_tool=no
lt_cv_prog_compiler_c_o=yes
lt_cv_prog_compiler_c_o_FC=yes
lt_cv_prog_compiler_pic='-fPIC -DPIC'
lt_cv_prog_compiler_pic_FC=-fPIC
lt_cv_prog_compiler_pic_works=yes
lt_cv_prog_compiler_pic_works_FC=yes
lt_cv_prog_compiler_rtti_exceptions=yes
lt_cv_prog_compiler_static_works=yes
lt_cv_prog_compiler_static_works_FC=no
lt_cv_prog_gnu_ld=yes
lt_cv_sharedlib_from_linklib_cmd='printf %s\n'
lt_cv_shlibpath_overrides_runpath=no
lt_cv_sys_global_symbol_pipe='sed -n -e '\''s/^.*[	 ]\([ABCDGIRSTW][ABCDGIRSTW]*\)[	 ][	 ]*\([_A-Za-z][_A-Za-z0-9]*\)$/\1 \2 \2/p'\'' | sed '\''/ __gnu_lto/d'\'''
lt_cv_sys_global_symbol_to_c_name_address='sed -n -e '\''s/^: \([^ ]*\)[ ]*$/  {\"\1\", (void *) 0},/p'\'' -e '\''s/^[ABCDGIRSTW]* \([^ ]*\) \([^ ]*\)$/  {"\2", (void *) \&\2},/p'\'''
lt_cv_sys_global_symbol_to_c_name_address_lib_prefix='sed -n -e '\''s/^: \([^ ]*\)[ ]*$/  {\"\1\", (void *) 0},/p'\'' -e '\''s/^[ABCDGIRSTW]* \([^ ]*\) \(lib[^ ]*\)$/  {"\2", (void *) \&\2},/p'\'' -e '\''s/^[ABCDGIRSTW]* \([^ ]*\) \([^ ]*\)$/  {"lib\2", (void *) \&\2},/p'\'''
lt_cv_sys_global_symbol_to_cdecl='sed -n -e '\''s/^T .* \(.*\)$/extern int \1();/p'\'' -e '\''s/^[ABCDGIRSTW]* .* \(.*\)$/extern char \1;/p'\'''
lt_cv_sys_max_cmd_len=3458764513820540925
lt_cv_to_host_file_cmd=func_convert_file_noop
lt_cv_to_tool_file_cmd=func_convert_file_noop

## ----------------- ##
## Output variables. ##
## ----------------- ##

ACLOCAL='${SHELL} /home/intern/RegCM-4.3.5.6/missing aclocal-1.13'
AMDEPBACKSLASH='\'
AMDEPFLAGS=' -I/share/apps/intel_2013/netcdf/4.4.0/include'
AMDEP_FALSE='#'
AMDEP_TRUE=''
AMTAR='$${TAR-tar}'
AM_BACKSLASH='\'
AM_CPPFLAGS=''
AM_DEFAULT_V='$(AM_DEFAULT_VERBOSITY)'
AM_DEFAULT_VERBOSITY='1'
AM_LDFLAGS=''
AM_V='$(V)'
AR='ar'
AUTOCONF='${SHELL} /home/intern/RegCM-4.3.5.6/missing autoconf'
AUTOHEADER='${SHELL} /home/intern/RegCM-4.3.5.6/missing autoheader'
AUTOMAKE='${SHELL} /home/intern/RegCM-4.3.5.6/missing automake-1.13'
AWK='gawk'
CC='icc'
CCDEPMODE='depmode=gcc3'
CFLAGS='-g -O2'
COMPILER_G95_FALSE=''
COMPILER_G95_TRUE=''
COMPILER_GNU_FALSE=''
COMPILER_GNU_TRUE=''
COMPILER_IBM_FALSE=''
COMPILER_IBM_TRUE=''
COMPILER_INTEL_FALSE=''
COMPILER_INTEL_TRUE=''
COMPILER_PGI_FALSE=''
COMPILER_PGI_TRUE=''
COMPILER_SUN_FALSE=''
COMPILER_SUN_TRUE=''
CPP='icc -E'
CPPFLAGS=' -I/share/apps/intel_2013/netcdf/4.4.0/include'
CYGPATH_W='echo'
DEFS=''
DEPDIR='.deps'
DLLTOOL='false'
DO_COMPILE_LIBCLM_FALSE=''
DO_COMPILE_LIBCLM_TRUE='#'
DO_COMPILE_LIBESMF_FALSE=''
DO_COMPILE_LIBESMF_TRUE='#'
DO_COMPILE_ROMS_FALSE=''
DO_COMPILE_ROMS_TRUE='#'
DSYMUTIL=''
DUMPBIN=''
ECHO_C=''
ECHO_N='-n'
ECHO_T=''
EGREP='/bin/grep -E'
ESMFINCPTH=''
ESMFLIBPTH=''
ESMF_PREFIX=''
EXEEXT=''
F90FLAGS=''
FC='ifort'
FCFLAGS='-g'
FGREP='/bin/grep -F'
FORT_SIZE=''
GREP='/bin/grep'
INSTALL_DATA='${INSTALL} -m 644'
INSTALL_PROGRAM='${INSTALL}'
INSTALL_SCRIPT='${INSTALL}'
INSTALL_STRIP_PROGRAM='$(install_sh) -c -s'
LD='/usr/bin/ld -m elf_x86_64'
LDFLAGS=' '
LIBOBJS=''
LIBS='-lnetcdf   -L/share/apps/intel_2013/netcdf/4.4.0/lib -lnetcdf  '
LIBTOOL='$(SHELL) $(top_builddir)/libtool'
LIPO=''
LN_S='ln -s'
LTLIBOBJS=''
MAKEINFO='${SHELL} /home/intern/RegCM-4.3.5.6/missing makeinfo'
MANIFEST_TOOL=':'
MKDIR_P='/bin/mkdir -p'
MPEUCFLAGS=''
MPEUFCFLAGS=''
MPIFC=''
MPILIBS=''
NC_PREFIX='/share/apps/intel_2013/netcdf/4.4.0'
NM='/usr/bin/nm -B'
NMEDIT=''
OBJDUMP='objdump'
OBJEXT='o'
OSNAME=''
OSNAME_AIX_FALSE=''
OSNAME_AIX_TRUE=''
OSNAME_LINUX_FALSE=''
OSNAME_LINUX_TRUE=''
OTOOL64=''
OTOOL=''
PACKAGE='regcm'
PACKAGE_BUGREPORT='ggiulian@ictp.it'
PACKAGE_NAME='RegCM'
PACKAGE_STRING='RegCM 4.3.5.1'
PACKAGE_TARNAME='regcm'
PACKAGE_URL='https://gforge.ictp.it/gf/project/regcm'
PACKAGE_VERSION='4.3.5.1'
PATH_SEPARATOR=':'
RANLIB='ranlib'
REGCM_PARALLEL_FALSE=''
REGCM_PARALLEL_TRUE=''
REGCM_ROOT=''
ROMS_PREFIX=''
ROMS_ROOT=''
SED='/bin/sed'
SET_MAKE=''
SHELL='/bin/sh'
STRIP='strip'
SYSLIBS=''
VERSION='4.3.5.1'
ac_ct_AR='ar'
ac_ct_CC='icc'
ac_ct_DUMPBIN=''
ac_ct_FC=''
am__EXEEXT_FALSE=''
am__EXEEXT_TRUE=''
am__fastdepCC_FALSE='#'
am__fastdepCC_TRUE=''
am__include='include'
am__isrc=''
am__leading_dot='.'
am__nodep='_no'
am__quote=''
am__tar='$${TAR-tar} chof - "$$tardir"'
am__untar='$${TAR-tar} xf -'
bindir='${exec_prefix}/bin'
build='x86_64-unknown-linux-gnu'
build_alias=''
build_cpu='x86_64'
build_os='linux-gnu'
build_vendor='unknown'
datadir='${datarootdir}'
datarootdir='${prefix}/share'
docdir='${datarootdir}/doc/${PACKAGE_TARNAME}'
dvidir='${docdir}'
exec_prefix='NONE'
host='x86_64-unknown-linux-gnu'
host_alias=''
host_cpu='x86_64'
host_os='linux-gnu'
host_vendor='unknown'
htmldir='${docdir}'
includedir='${prefix}/include'
infodir='${datarootdir}/info'
install_sh='${SHELL} /home/intern/RegCM-4.3.5.6/install-sh'
libdir='${exec_prefix}/lib'
libexecdir='${exec_prefix}/libexec'
localedir='${datarootdir}/locale'
localstatedir='${prefix}/var'
mandir='${datarootdir}/man'
mkdir_p='$(MKDIR_P)'
oldincludedir='/usr/include'
pdfdir='${docdir}'
prefix='NONE'
program_transform_name='s,x,x,'
psdir='${docdir}'
sbindir='${exec_prefix}/sbin'
sharedstatedir='${prefix}/com'
sysconfdir='${prefix}/etc'
target_alias=''

## ----------- ##
## confdefs.h. ##
## ----------- ##

/* confdefs.h */
#define PACKAGE_NAME "RegCM"
#define PACKAGE_TARNAME "regcm"
#define PACKAGE_VERSION "4.3.5.1"
#define PACKAGE_STRING "RegCM 4.3.5.1"
#define PACKAGE_BUGREPORT "ggiulian@ictp.it"
#define PACKAGE_URL ""
#define STDC_HEADERS 1
#define HAVE_SYS_TYPES_H 1
#define HAVE_SYS_STAT_H 1
#define HAVE_STDLIB_H 1
#define HAVE_STRING_H 1
#define HAVE_MEMORY_H 1
#define HAVE_STRINGS_H 1
#define HAVE_INTTYPES_H 1
#define HAVE_STDINT_H 1
#define HAVE_UNISTD_H 1
#define HAVE_DLFCN_H 1
#define LT_OBJDIR ".libs/"
#define PACKAGE "regcm"
#define VERSION "4.3.5.1"

configure: caught signal 2
configure: exit 1
